<?xml version="1.0" encoding="UTF-8"?>
<!-- Generated by org.testng.reporters.JUnitReportReporter -->
<testsuite hostname="LAPTOP-0579NTVT" failures="0" tests="1" name="com.actitime.test.CustomerModule" time="0.009" errors="0" timestamp="2022-05-24T16:06:21 IST" skipped="0">
  <testcase classname="com.actitime.test.CustomerModule" name="customer" time="0.009"/>
  <system-out>
    <![CDATA[Customer test cases pass]]>
  </system-out>
</testsuite> <!-- com.actitime.test.CustomerModule -->
